2026-05-13 11:46:21 [INFO] Imagem 1 carregada. ✅
2026-05-13 11:47:14 [INFO] OCR da imagem 1 concluída. ✅
2026-05-13 11:47:14 [INFO] Imagem 2 carregada. ✅
2026-05-13 11:48:07 [INFO] OCR da imagem 2 concluída. ✅
2026-05-13 11:48:07 [INFO] Imagem 3 carregada. ✅
2026-05-13 11:49:00 [INFO] OCR da imagem 3 concluída. ✅
2026-05-13 11:49:00 [INFO] Imagem 4 carregada. ✅
2026-05-13 11:49:52 [INFO] OCR da imagem 4 concluída. ✅
2026-05-13 11:49:52 [INFO] Imagem 5 carregada. ✅
2026-05-13 12:04:41 [INFO] ⏳ Iniciando: OCR dos DACTEs.
2026-05-13 12:04:41 [INFO] ⏳ Iniciando: Processamento OCR de imagem.
2026-05-13 12:04:50 [INFO] Imagem 1 carregada. ✅
2026-05-13 12:05:43 [INFO] OCR da imagem 1 concluída. ✅
2026-05-13 12:05:43 [INFO] Imagem 2 carregada. ✅
2026-05-13 12:06:36 [INFO] OCR da imagem 2 concluída. ✅
2026-05-13 12:06:36 [INFO] Imagem 3 carregada. ✅
2026-05-13 12:07:29 [INFO] OCR da imagem 3 concluída. ✅
2026-05-13 12:07:29 [INFO] Imagem 4 carregada. ✅
2026-05-13 12:08:22 [INFO] OCR da imagem 4 concluída. ✅
2026-05-13 12:08:22 [INFO] Imagem 5 carregada. ✅
2026-05-13 12:09:14 [INFO] OCR da imagem 5 concluída. ✅
2026-05-13 12:09:14 [INFO] Imagem 6 carregada. ✅
2026-05-13 12:10:07 [INFO] OCR da imagem 6 concluída. ✅
2026-05-13 12:10:07 [INFO] Imagem 7 carregada. ✅
2026-05-13 12:11:00 [INFO] OCR da imagem 7 concluída. ✅
2026-05-13 12:11:00 [INFO] Imagem 8 carregada. ✅
2026-05-13 12:11:53 [INFO] OCR da imagem 8 concluída. ✅
2026-05-13 12:11:53 [INFO] Imagem 9 carregada. ✅
2026-05-13 12:12:45 [INFO] OCR da imagem 9 concluída. ✅
2026-05-13 12:12:45 [INFO] Imagem 10 carregada. ✅
2026-05-13 12:13:38 [INFO] OCR da imagem 10 concluída. ✅
2026-05-13 12:13:38 [INFO] Imagem 11 carregada. ✅
2026-05-13 12:14:31 [INFO] OCR da imagem 11 concluída. ✅
2026-05-13 12:14:31 [INFO] Imagem 12 carregada. ✅
2026-05-13 12:15:24 [INFO] OCR da imagem 12 concluída. ✅
2026-05-13 12:15:24 [INFO] Imagem 13 carregada. ✅
2026-05-13 12:16:17 [INFO] OCR da imagem 13 concluída. ✅
2026-05-13 12:16:17 [INFO] Imagem 14 carregada. ✅
2026-05-13 12:17:10 [INFO] OCR da imagem 14 concluída. ✅
2026-05-13 12:17:10 [INFO] Imagem 15 carregada. ✅
2026-05-13 12:18:02 [INFO] OCR da imagem 15 concluída. ✅
2026-05-13 12:18:02 [INFO] Imagem 16 carregada. ✅
2026-05-13 12:18:55 [INFO] OCR da imagem 16 concluída. ✅
2026-05-13 12:18:55 [INFO] Imagem 17 carregada. ✅
2026-05-13 12:19:48 [INFO] OCR da imagem 17 concluída. ✅
2026-05-13 12:19:48 [INFO] Imagem 18 carregada. ✅
2026-05-13 12:20:40 [INFO] OCR da imagem 18 concluída. ✅
2026-05-13 12:20:40 [INFO] Imagem 19 carregada. ✅
2026-05-13 12:21:33 [INFO] OCR da imagem 19 concluída. ✅
2026-05-13 12:21:33 [INFO] Imagem 20 carregada. ✅
2026-05-13 12:22:26 [INFO] OCR da imagem 20 concluída. ✅
2026-05-13 12:22:26 [INFO] Imagem 21 carregada. ✅
2026-05-13 12:23:19 [INFO] OCR da imagem 21 concluída. ✅
2026-05-13 12:23:19 [INFO] Imagem 22 carregada. ✅
2026-05-13 12:24:11 [INFO] OCR da imagem 22 concluída. ✅
2026-05-13 12:24:11 [INFO] Imagem 23 carregada. ✅
2026-05-13 12:25:04 [INFO] OCR da imagem 23 concluída. ✅
2026-05-13 12:25:04 [INFO] Imagem 24 carregada. ✅
2026-05-13 12:25:57 [INFO] OCR da imagem 24 concluída. ✅
2026-05-13 12:25:57 [INFO] Imagem 25 carregada. ✅
2026-05-13 12:26:49 [INFO] OCR da imagem 25 concluída. ✅
2026-05-13 12:26:49 [INFO] Imagem 26 carregada. ✅
2026-05-13 12:27:42 [INFO] OCR da imagem 26 concluída. ✅
2026-05-13 12:27:42 [INFO] Imagem 27 carregada. ✅
2026-05-13 12:28:35 [INFO] OCR da imagem 27 concluída. ✅
2026-05-13 12:28:35 [INFO] Imagem 28 carregada. ✅
2026-05-13 12:29:27 [INFO] OCR da imagem 28 concluída. ✅
2026-05-13 12:29:27 [INFO] Imagem 29 carregada. ✅
2026-05-13 12:30:20 [INFO] OCR da imagem 29 concluída. ✅
2026-05-13 12:30:20 [INFO] Imagem 30 carregada. ✅
2026-05-13 12:31:13 [INFO] OCR da imagem 30 concluída. ✅
2026-05-13 12:31:13 [INFO] Imagem 31 carregada. ✅
2026-05-13 12:32:06 [INFO] OCR da imagem 31 concluída. ✅
2026-05-13 12:32:06 [INFO] Imagem 32 carregada. ✅
2026-05-13 12:32:58 [INFO] OCR da imagem 32 concluída. ✅
2026-05-13 12:32:58 [INFO] Imagem 33 carregada. ✅
2026-05-13 12:33:51 [INFO] OCR da imagem 33 concluída. ✅
2026-05-13 12:33:51 [INFO] Imagem 34 carregada. ✅
2026-05-13 12:34:46 [INFO] OCR da imagem 34 concluída. ✅
2026-05-13 12:34:46 [INFO] Imagem 35 carregada. ✅
2026-05-13 12:35:40 [INFO] OCR da imagem 35 concluída. ✅
2026-05-13 12:35:40 [INFO] Imagem 36 carregada. ✅
2026-05-13 12:36:35 [INFO] OCR da imagem 36 concluída. ✅
2026-05-13 12:36:35 [INFO] Imagem 37 carregada. ✅
2026-05-13 12:37:30 [INFO] OCR da imagem 37 concluída. ✅
2026-05-13 12:37:30 [INFO] Imagem 38 carregada. ✅
2026-05-13 12:38:24 [INFO] OCR da imagem 38 concluída. ✅
2026-05-13 12:38:24 [INFO] Imagem 39 carregada. ✅
2026-05-13 12:39:19 [INFO] OCR da imagem 39 concluída. ✅
2026-05-13 12:39:19 [INFO] Imagem 40 carregada. ✅
2026-05-13 12:40:13 [INFO] OCR da imagem 40 concluída. ✅
2026-05-13 12:40:13 [INFO] Imagem 41 carregada. ✅
2026-05-13 12:41:08 [INFO] OCR da imagem 41 concluída. ✅
2026-05-13 12:41:08 [INFO] Imagem 42 carregada. ✅
2026-05-13 12:42:03 [INFO] OCR da imagem 42 concluída. ✅
2026-05-13 12:42:03 [INFO] Imagem 43 carregada. ✅
2026-05-13 12:43:04 [INFO] OCR da imagem 43 concluída. ✅
2026-05-13 12:43:04 [INFO] Imagem 44 carregada. ✅
2026-05-13 12:44:05 [INFO] OCR da imagem 44 concluída. ✅
2026-05-13 12:44:05 [INFO] Imagem 45 carregada. ✅
2026-05-13 12:45:05 [INFO] OCR da imagem 45 concluída. ✅
2026-05-13 12:45:05 [INFO] Imagem 46 carregada. ✅
2026-05-13 12:46:05 [INFO] OCR da imagem 46 concluída. ✅
2026-05-13 12:46:05 [INFO] Imagem 47 carregada. ✅
2026-05-13 12:47:05 [INFO] OCR da imagem 47 concluída. ✅
2026-05-13 12:47:05 [INFO] Imagem 48 carregada. ✅
2026-05-13 12:48:05 [INFO] OCR da imagem 48 concluída. ✅
2026-05-13 12:48:05 [INFO] Imagem 49 carregada. ✅
2026-05-13 12:49:04 [INFO] OCR da imagem 49 concluída. ✅
2026-05-13 12:49:04 [INFO] Imagem 50 carregada. ✅
2026-05-13 12:50:02 [INFO] OCR da imagem 50 concluída. ✅
2026-05-13 12:50:02 [INFO] Imagem 51 carregada. ✅
2026-05-13 12:51:04 [INFO] OCR da imagem 51 concluída. ✅
2026-05-13 12:51:04 [INFO] Imagem 52 carregada. ✅
2026-05-13 12:52:04 [INFO] OCR da imagem 52 concluída. ✅
2026-05-13 12:52:04 [INFO] Imagem 53 carregada. ✅
2026-05-13 12:53:05 [INFO] OCR da imagem 53 concluída. ✅
2026-05-13 12:53:05 [INFO] Imagem 54 carregada. ✅
2026-05-13 12:53:58 [INFO] OCR da imagem 54 concluída. ✅
2026-05-13 12:53:58 [INFO] Imagem 55 carregada. ✅
2026-05-13 12:54:52 [INFO] OCR da imagem 55 concluída. ✅
2026-05-13 12:54:52 [INFO] Imagem 56 carregada. ✅
2026-05-13 12:55:45 [INFO] OCR da imagem 56 concluída. ✅
2026-05-13 12:55:45 [INFO] Imagem 57 carregada. ✅
2026-05-13 12:56:38 [INFO] OCR da imagem 57 concluída. ✅
2026-05-13 12:56:38 [INFO] Imagem 58 carregada. ✅
2026-05-13 12:57:32 [INFO] OCR da imagem 58 concluída. ✅
2026-05-13 12:57:32 [INFO] Imagem 59 carregada. ✅
2026-05-13 12:58:25 [INFO] OCR da imagem 59 concluída. ✅
2026-05-13 12:58:25 [INFO] Imagem 60 carregada. ✅
2026-05-13 12:59:18 [INFO] OCR da imagem 60 concluída. ✅
2026-05-13 12:59:18 [INFO] Imagem 61 carregada. ✅
2026-05-13 13:00:12 [INFO] OCR da imagem 61 concluída. ✅
2026-05-13 13:00:12 [INFO] Imagem 62 carregada. ✅
2026-05-13 13:01:05 [INFO] OCR da imagem 62 concluída. ✅
2026-05-13 13:01:05 [INFO] Imagem 63 carregada. ✅
2026-05-13 13:01:58 [INFO] OCR da imagem 63 concluída. ✅
2026-05-13 13:01:58 [INFO] Imagem 64 carregada. ✅
2026-05-13 13:02:52 [INFO] OCR da imagem 64 concluída. ✅
2026-05-13 13:02:52 [INFO] Imagem 65 carregada. ✅
2026-05-13 13:03:45 [INFO] OCR da imagem 65 concluída. ✅
2026-05-13 13:03:45 [INFO] Imagem 66 carregada. ✅
2026-05-13 13:04:38 [INFO] OCR da imagem 66 concluída. ✅
2026-05-13 13:04:38 [INFO] Imagem 67 carregada. ✅
2026-05-13 13:05:32 [INFO] OCR da imagem 67 concluída. ✅
2026-05-13 13:05:32 [INFO] Imagem 68 carregada. ✅
2026-05-13 13:06:25 [INFO] OCR da imagem 68 concluída. ✅
2026-05-13 13:06:25 [INFO] Imagem 69 carregada. ✅
2026-05-13 13:07:18 [INFO] OCR da imagem 69 concluída. ✅
2026-05-13 13:07:18 [INFO] Imagem 70 carregada. ✅
2026-05-13 13:08:12 [INFO] OCR da imagem 70 concluída. ✅
2026-05-13 13:08:12 [INFO] Imagem 71 carregada. ✅
2026-05-13 13:09:05 [INFO] OCR da imagem 71 concluída. ✅
2026-05-13 13:09:05 [INFO] Imagem 72 carregada. ✅
2026-05-13 13:09:58 [INFO] OCR da imagem 72 concluída. ✅
2026-05-13 13:09:58 [INFO] Imagem 73 carregada. ✅
2026-05-13 13:10:52 [INFO] OCR da imagem 73 concluída. ✅
2026-05-13 13:10:52 [INFO] Imagem 74 carregada. ✅
2026-05-13 13:11:45 [INFO] OCR da imagem 74 concluída. ✅
2026-05-13 13:11:45 [INFO] Imagem 75 carregada. ✅
2026-05-13 13:12:38 [INFO] OCR da imagem 75 concluída. ✅
2026-05-13 13:12:38 [INFO] Imagem 76 carregada. ✅
2026-05-13 13:13:32 [INFO] OCR da imagem 76 concluída. ✅
2026-05-13 13:13:32 [INFO] Imagem 77 carregada. ✅
2026-05-13 13:14:25 [INFO] OCR da imagem 77 concluída. ✅
2026-05-13 13:14:25 [INFO] Imagem 78 carregada. ✅
2026-05-13 13:15:18 [INFO] OCR da imagem 78 concluída. ✅
2026-05-13 13:15:18 [INFO] Imagem 79 carregada. ✅
2026-05-13 13:16:12 [INFO] OCR da imagem 79 concluída. ✅
2026-05-13 13:16:12 [INFO] Imagem 80 carregada. ✅
2026-05-13 13:17:05 [INFO] OCR da imagem 80 concluída. ✅
2026-05-13 13:17:05 [INFO] Imagem 81 carregada. ✅
2026-05-13 13:17:58 [INFO] OCR da imagem 81 concluída. ✅
2026-05-13 13:17:58 [INFO] Imagem 82 carregada. ✅
2026-05-13 13:18:52 [INFO] OCR da imagem 82 concluída. ✅
2026-05-13 13:18:52 [INFO] Imagem 83 carregada. ✅
2026-05-13 13:19:45 [INFO] OCR da imagem 83 concluída. ✅
2026-05-13 13:19:45 [INFO] Imagem 84 carregada. ✅
2026-05-13 13:20:38 [INFO] OCR da imagem 84 concluída. ✅
2026-05-13 13:20:38 [INFO] Imagem 85 carregada. ✅
2026-05-13 13:21:32 [INFO] OCR da imagem 85 concluída. ✅
2026-05-13 13:21:32 [INFO] Imagem 86 carregada. ✅
2026-05-13 13:22:25 [INFO] OCR da imagem 86 concluída. ✅
2026-05-13 13:22:25 [INFO] Imagem 87 carregada. ✅
2026-05-13 13:23:18 [INFO] OCR da imagem 87 concluída. ✅
2026-05-13 13:23:18 [INFO] Imagem 88 carregada. ✅
2026-05-13 13:24:12 [INFO] OCR da imagem 88 concluída. ✅
2026-05-13 13:24:12 [INFO] Imagem 89 carregada. ✅
2026-05-13 13:25:05 [INFO] OCR da imagem 89 concluída. ✅
2026-05-13 13:25:05 [INFO] Imagem 90 carregada. ✅
2026-05-13 13:25:59 [INFO] OCR da imagem 90 concluída. ✅
2026-05-13 13:25:59 [INFO] Imagem 91 carregada. ✅
2026-05-13 13:26:52 [INFO] OCR da imagem 91 concluída. ✅
2026-05-13 13:26:52 [INFO] Imagem 92 carregada. ✅
2026-05-13 13:27:45 [INFO] OCR da imagem 92 concluída. ✅
2026-05-13 13:27:45 [INFO] Imagem 93 carregada. ✅
2026-05-13 13:28:39 [INFO] OCR da imagem 93 concluída. ✅
2026-05-13 13:28:39 [INFO] Imagem 94 carregada. ✅
2026-05-13 13:29:32 [INFO] OCR da imagem 94 concluída. ✅
2026-05-13 13:29:32 [INFO] Imagem 95 carregada. ✅
2026-05-13 13:30:25 [INFO] OCR da imagem 95 concluída. ✅
2026-05-13 13:30:25 [INFO] Imagem 96 carregada. ✅
2026-05-13 13:31:19 [INFO] OCR da imagem 96 concluída. ✅
2026-05-13 13:31:19 [INFO] Imagem 97 carregada. ✅
2026-05-13 13:32:12 [INFO] OCR da imagem 97 concluída. ✅
2026-05-13 13:32:12 [INFO] Imagem 98 carregada. ✅
2026-05-13 13:33:05 [INFO] OCR da imagem 98 concluída. ✅
2026-05-13 13:33:05 [INFO] Imagem 99 carregada. ✅
2026-05-13 13:33:59 [INFO] OCR da imagem 99 concluída. ✅
2026-05-13 13:33:59 [INFO] Imagem 100 carregada. ✅
2026-05-13 13:34:52 [INFO] OCR da imagem 100 concluída. ✅
2026-05-13 13:34:52 [INFO] OCR concluído com sucesso. ✅
2026-05-13 13:34:52 [INFO] ✅ Finalizado: Processamento OCR de imagem. | Tempo: 5411.39s
2026-05-13 13:34:52 [INFO] ✅ Finalizado: OCR dos DACTEs. | Tempo: 5411.39s
2026-05-13 13:34:52 [INFO] ⏳ Iniciando: Parseamento dos dados.
2026-05-13 13:34:52 [INFO] Iniciando o parsing de 100 arquivos. !
2026-05-13 13:34:52 [INFO] Parsing concluído com sucesso. ✅
2026-05-13 13:34:52 [INFO] ✅ Finalizado: Parseamento dos dados. | Tempo: 0.27s
2026-05-13 13:34:52 [INFO] ⏳ Iniciando: Salvamento dos dados em formato CSV.
2026-05-13 13:34:52 [INFO] Salvo em CSV. ✅
2026-05-13 13:34:52 [INFO] ✅ Finalizado: Salvamento dos dados em formato CSV. | Tempo: 0.01s
2026-05-13 13:34:52 [INFO] Processo concluído com sucesso. ✅
2026-05-13 17:59:03 [INFO] Iniciando: OCR dos DACTEs. ⏳
2026-05-13 17:59:03 [INFO] Iniciando: Processamento OCR de imagem. ⏳
2026-05-13 17:59:11 [INFO] Finalizado: Processamento OCR de imagem. | Tempo: 8.30s ✅
2026-05-13 17:59:11 [INFO] Finalizado: OCR dos DACTEs. | Tempo: 8.30s ✅
